[GIN-debug] [WARNING] Creating an Engine instance with the Logger and Recovery middleware already attached.

[GIN-debug] [WARNING] Running in "debug" mode. Switch to "release" mode in production.
 - using env:	export GIN_MODE=release
 - using code:	gin.SetMode(gin.ReleaseMode)

[GIN-debug] GET    /                         --> gitee.com/online-publish/slime-scholar-go/api/v1.Index (4 handlers)
[GIN-debug] POST   /api/v1/count/all         --> gitee.com/online-publish/slime-scholar-go/api/v1.DocumentCount (4 handlers)
[GIN-debug] POST   /api/v1/submit/create     --> gitee.com/online-publish/slime-scholar-go/api/v1.CreateSubmit (4 handlers)
[GIN-debug] POST   /api/v1/submit/check      --> gitee.com/online-publish/slime-scholar-go/api/v1.CheckSubmit (4 handlers)
[GIN-debug] POST   /api/v1/submit/list       --> gitee.com/online-publish/slime-scholar-go/api/v1.ListAllSubmit (4 handlers)
[GIN-debug] POST   /api/v1/user/register     --> gitee.com/online-publish/slime-scholar-go/api/v1.Register (4 handlers)
[GIN-debug] POST   /api/v1/user/login        --> gitee.com/online-publish/slime-scholar-go/api/v1.Login (4 handlers)
[GIN-debug] POST   /api/v1/user/modify       --> gitee.com/online-publish/slime-scholar-go/api/v1.ModifyUser (4 handlers)
[GIN-debug] POST   /api/v1/user/info         --> gitee.com/online-publish/slime-scholar-go/api/v1.TellUserInfo (4 handlers)
[GIN-debug] POST   /api/v1/user/confirm      --> gitee.com/online-publish/slime-scholar-go/api/v1.Confirm (4 handlers)
[GIN-debug] POST   /api/v1/es/create/mytype  --> gitee.com/online-publish/slime-scholar-go/api/v1.CreateMyType (4 handlers)
[GIN-debug] POST   /api/v1/es/update/mytype  --> gitee.com/online-publish/slime-scholar-go/api/v1.UpdateMyType (4 handlers)
[GIN-debug] POST   /api/v1/es/get/mytype     --> gitee.com/online-publish/slime-scholar-go/api/v1.GetMyType (4 handlers)
[GIN-debug] POST   /api/v1/es/get/author     --> gitee.com/online-publish/slime-scholar-go/api/v1.GetAuthor (4 handlers)
[GIN-debug] POST   /api/v1/es/get/paper      --> gitee.com/online-publish/slime-scholar-go/api/v1.GetPaper (4 handlers)
[GIN-debug] POST   /api/v1/es/get/conference --> gitee.com/online-publish/slime-scholar-go/api/v1.GetConference (4 handlers)
[GIN-debug] POST   /api/v1/es/get/journal    --> gitee.com/online-publish/slime-scholar-go/api/v1.GetJournal (4 handlers)
[GIN-debug] POST   /api/v1/es/query/paper/title --> gitee.com/online-publish/slime-scholar-go/api/v1.TitleQueryPaper (4 handlers)
[GIN-debug] POST   /api/v1/es/query/paper/advanced --> gitee.com/online-publish/slime-scholar-go/api/v1.AdvancedSearch (4 handlers)
[GIN-debug] POST   /api/v1/es/select/paper/title --> gitee.com/online-publish/slime-scholar-go/api/v1.TitleSelectPaper (4 handlers)
[GIN-debug] POST   /api/v1/es/query/author/name --> gitee.com/online-publish/slime-scholar-go/api/v1.NameQueryAuthor (4 handlers)
[GIN-debug] POST   /api/v1/es/query/paper/doi --> gitee.com/online-publish/slime-scholar-go/api/v1.DoiQueryPaper (4 handlers)
[GIN-debug] POST   /api/v1/social/get/tags   --> gitee.com/online-publish/slime-scholar-go/api/v1.GetUserTag (4 handlers)
[GIN-debug] POST   /api/v1/social/get/tag/paper --> gitee.com/online-publish/slime-scholar-go/api/v1.GetTagPaper (4 handlers)
[GIN-debug] POST   /api/v1/social/create/tag --> gitee.com/online-publish/slime-scholar-go/api/v1.CreateATag (4 handlers)
[GIN-debug] POST   /api/v1/social/delete/tag --> gitee.com/online-publish/slime-scholar-go/api/v1.DeleteATag (4 handlers)
[GIN-debug] POST   /api/v1/social/collect/paper --> gitee.com/online-publish/slime-scholar-go/api/v1.CollectAPaper (4 handlers)
[GIN-debug] POST   /api/v1/social/delete/tag/paper --> gitee.com/online-publish/slime-scholar-go/api/v1.DeleteATagPaper (4 handlers)
[GIN-debug] POST   /api/v1/social/create/comment --> gitee.com/online-publish/slime-scholar-go/api/v1.CreateAComment (4 handlers)
[GIN-debug] POST   /api/v1/social/like/comment --> gitee.com/online-publish/slime-scholar-go/api/v1.LikeorUnlike (4 handlers)
[GIN-debug] POST   /api/v1/social/reply/comment --> gitee.com/online-publish/slime-scholar-go/api/v1.ReplyAComment (4 handlers)
[GIN-debug] POST   /api/v1/social/get/comments --> gitee.com/online-publish/slime-scholar-go/api/v1.GetPaperComment (4 handlers)
[GIN-debug] POST   /api/v1/social/get/replies --> gitee.com/online-publish/slime-scholar-go/api/v1.GetComReply (4 handlers)
[GIN-debug] GET    /backend/api/swagger/*any --> github.com/swaggo/gin-swagger.CustomWrapHandler.func1 (4 handlers)
[GIN-debug] Listening and serving HTTP on :8000
[GIN] 2021/12/06 - 17:16:56 | 200 |   31.7582066s |       127.0.0.1 | POST     "/api/v1/es/query/paper/title"
